{"uid":"c3351c6a97ba3fd9","name":"test_failure","fullName":"testcases.test_demo#test_failure","historyId":"044325bb1ab997cc19a0104f02d9e56a","time":{"start":1663577778692,"stop":1663577778693,"duration":1},"description":"this test fails","descriptionHtml":"<p>this test fails</p>\n","status":"failed","statusMessage":"AssertionError: assert False","statusTrace":"def test_failure():\n        \"\"\"this test fails\"\"\"\n>       assert False\nE       assert False\n\ntestcases\\test_demo.py:20: AssertionError","flaky":false,"newFailed":false,"newBroken":false,"newPassed":false,"retriesCount":0,"retriesStatusChange":false,"beforeStages":[],"afterStages":[],"labels":[{"name":"parentSuite","value":"testcases"},{"name":"suite","value":"test_demo"},{"name":"host","value":"SHANB-057776"},{"name":"thread","value":"19300-MainThread"},{"name":"framework","value":"pytest"},{"name":"language","value":"cpython3"},{"name":"package","value":"testcases.test_demo"},{"name":"resultFormat","value":"allure2"}],"parameters":[],"links":[],"hidden":false,"retry":false,"extra":{"severity":"normal","retries":[],"categories":[{"name":"Product defects","matchedStatuses":[],"flaky":false}],"tags":[]},"source":"c3351c6a97ba3fd9.json","parameterValues":[]}